  menu.cpp
c:\users\ptyni\desktop\guardians of the earth\guardians of the earth\menu.cpp(5): warning C4244: 'argument': conversion from 'unsigned int' to 'float', possible loss of data
c:\users\ptyni\desktop\guardians of the earth\guardians of the earth\menu.cpp(13): warning C4244: 'argument': conversion from 'unsigned int' to 'float', possible loss of data
c:\users\ptyni\desktop\guardians of the earth\guardians of the earth\menu.cpp(14): warning C4244: 'argument': conversion from 'unsigned int' to 'float', possible loss of data
c:\users\ptyni\desktop\guardians of the earth\guardians of the earth\menu.cpp(15): warning C4244: 'argument': conversion from 'unsigned int' to 'float', possible loss of data
c:\users\ptyni\desktop\guardians of the earth\guardians of the earth\menu.cpp(16): warning C4244: 'argument': conversion from 'unsigned int' to 'float', possible loss of data
c:\users\ptyni\desktop\guardians of the earth\guardians of the earth\menu.cpp(17): warning C4244: 'argument': conversion from 'unsigned int' to 'float', possible loss of data
c:\users\ptyni\desktop\guardians of the earth\guardians of the earth\menu.cpp(18): warning C4244: 'argument': conversion from 'unsigned int' to 'float', possible loss of data
c:\users\ptyni\desktop\guardians of the earth\guardians of the earth\menu.cpp(21): warning C4244: 'argument': conversion from 'unsigned int' to 'float', possible loss of data
c:\users\ptyni\desktop\guardians of the earth\guardians of the earth\menu.cpp(133): warning C4244: 'argument': conversion from 'unsigned int' to 'float', possible loss of data
c:\users\ptyni\desktop\guardians of the earth\guardians of the earth\menu.cpp(141): warning C4244: 'argument': conversion from 'unsigned int' to 'float', possible loss of data
c:\users\ptyni\desktop\guardians of the earth\guardians of the earth\menu.cpp(142): warning C4244: 'argument': conversion from 'unsigned int' to 'float', possible loss of data
c:\users\ptyni\desktop\guardians of the earth\guardians of the earth\menu.cpp(143): warning C4244: 'argument': conversion from 'unsigned int' to 'float', possible loss of data
c:\users\ptyni\desktop\guardians of the earth\guardians of the earth\menu.cpp(144): warning C4244: 'argument': conversion from 'unsigned int' to 'float', possible loss of data
c:\users\ptyni\desktop\guardians of the earth\guardians of the earth\menu.cpp(145): warning C4244: 'argument': conversion from 'unsigned int' to 'float', possible loss of data
c:\users\ptyni\desktop\guardians of the earth\guardians of the earth\menu.cpp(175): warning C4244: 'argument': conversion from 'int' to 'float', possible loss of data
c:\users\ptyni\desktop\guardians of the earth\guardians of the earth\menu.cpp(176): warning C4244: 'argument': conversion from 'int' to 'float', possible loss of data
c:\users\ptyni\desktop\guardians of the earth\guardians of the earth\menu.cpp(177): warning C4244: 'argument': conversion from 'int' to 'float', possible loss of data
c:\users\ptyni\desktop\guardians of the earth\guardians of the earth\menu.cpp(270): warning C4244: 'argument': conversion from 'unsigned int' to 'float', possible loss of data
c:\users\ptyni\desktop\guardians of the earth\guardians of the earth\menu.cpp(288): warning C4244: 'argument': conversion from 'int' to 'float', possible loss of data
c:\users\ptyni\desktop\guardians of the earth\guardians of the earth\menu.cpp(289): warning C4244: 'argument': conversion from 'unsigned int' to 'float', possible loss of data
c:\users\ptyni\desktop\guardians of the earth\guardians of the earth\menu.cpp(295): warning C4244: 'argument': conversion from 'int' to 'float', possible loss of data
c:\users\ptyni\desktop\guardians of the earth\guardians of the earth\menu.cpp(296): warning C4244: 'argument': conversion from 'unsigned int' to 'float', possible loss of data
c:\users\ptyni\desktop\guardians of the earth\guardians of the earth\menu.cpp(299): warning C4244: 'argument': conversion from 'unsigned int' to 'float', possible loss of data
c:\users\ptyni\desktop\guardians of the earth\guardians of the earth\menu.cpp(300): warning C4244: 'argument': conversion from 'unsigned int' to 'float', possible loss of data
c:\users\ptyni\desktop\guardians of the earth\guardians of the earth\menu.cpp(323): warning C4244: 'argument': conversion from 'unsigned int' to 'float', possible loss of data
c:\users\ptyni\desktop\guardians of the earth\guardians of the earth\menu.cpp(369): warning C4244: 'argument': conversion from 'unsigned int' to 'float', possible loss of data
c:\users\ptyni\desktop\guardians of the earth\guardians of the earth\menu.cpp(377): warning C4244: 'argument': conversion from 'unsigned int' to 'float', possible loss of data
c:\users\ptyni\desktop\guardians of the earth\guardians of the earth\menu.cpp(379): warning C4244: 'argument': conversion from 'unsigned int' to 'float', possible loss of data
c:\users\ptyni\desktop\guardians of the earth\guardians of the earth\menu.cpp(380): warning C4244: 'argument': conversion from 'unsigned int' to 'float', possible loss of data
c:\users\ptyni\desktop\guardians of the earth\guardians of the earth\menu.cpp(381): warning C4244: 'argument': conversion from 'unsigned int' to 'float', possible loss of data
c:\users\ptyni\desktop\guardians of the earth\guardians of the earth\menu.cpp(454): warning C4244: 'argument': conversion from 'unsigned int' to 'float', possible loss of data
c:\users\ptyni\desktop\guardians of the earth\guardians of the earth\menu.cpp(468): warning C4244: 'argument': conversion from 'double' to 'float', possible loss of data
c:\users\ptyni\desktop\guardians of the earth\guardians of the earth\menu.cpp(470): warning C4244: 'argument': conversion from 'double' to 'float', possible loss of data
c:\users\ptyni\desktop\guardians of the earth\guardians of the earth\menu.cpp(471): warning C4244: 'argument': conversion from 'double' to 'float', possible loss of data
c:\users\ptyni\desktop\guardians of the earth\guardians of the earth\menu.cpp(472): warning C4244: 'argument': conversion from 'double' to 'float', possible loss of data
c:\users\ptyni\desktop\guardians of the earth\guardians of the earth\menu.cpp(473): warning C4244: 'argument': conversion from 'double' to 'float', possible loss of data
c:\users\ptyni\desktop\guardians of the earth\guardians of the earth\menu.cpp(474): warning C4244: 'argument': conversion from 'double' to 'float', possible loss of data
c:\users\ptyni\desktop\guardians of the earth\guardians of the earth\menu.cpp(475): warning C4244: 'argument': conversion from 'double' to 'float', possible loss of data
c:\users\ptyni\desktop\guardians of the earth\guardians of the earth\menu.cpp(476): warning C4244: 'argument': conversion from 'double' to 'float', possible loss of data
c:\users\ptyni\desktop\guardians of the earth\guardians of the earth\menu.cpp(480): warning C4244: 'argument': conversion from 'double' to 'float', possible loss of data
c:\users\ptyni\desktop\guardians of the earth\guardians of the earth\menu.cpp(482): warning C4244: 'argument': conversion from 'double' to 'float', possible loss of data
c:\users\ptyni\desktop\guardians of the earth\guardians of the earth\menu.cpp(483): warning C4244: 'argument': conversion from 'double' to 'float', possible loss of data
c:\users\ptyni\desktop\guardians of the earth\guardians of the earth\menu.cpp(484): warning C4244: 'argument': conversion from 'double' to 'float', possible loss of data
c:\users\ptyni\desktop\guardians of the earth\guardians of the earth\menu.cpp(485): warning C4244: 'argument': conversion from 'double' to 'float', possible loss of data
c:\users\ptyni\desktop\guardians of the earth\guardians of the earth\menu.cpp(486): warning C4244: 'argument': conversion from 'double' to 'float', possible loss of data
c:\users\ptyni\desktop\guardians of the earth\guardians of the earth\menu.cpp(487): warning C4244: 'argument': conversion from 'double' to 'float', possible loss of data
c:\users\ptyni\desktop\guardians of the earth\guardians of the earth\menu.cpp(488): warning C4244: 'argument': conversion from 'double' to 'float', possible loss of data
c:\users\ptyni\desktop\guardians of the earth\guardians of the earth\menu.cpp(491): warning C4244: 'argument': conversion from 'double' to 'float', possible loss of data
c:\users\ptyni\desktop\guardians of the earth\guardians of the earth\menu.cpp(491): warning C4244: 'argument': conversion from 'unsigned int' to 'float', possible loss of data
c:\users\ptyni\desktop\guardians of the earth\guardians of the earth\menu.cpp(492): warning C4244: 'argument': conversion from 'double' to 'float', possible loss of data
c:\users\ptyni\desktop\guardians of the earth\guardians of the earth\menu.cpp(492): warning C4244: 'argument': conversion from 'unsigned int' to 'float', possible loss of data
c:\users\ptyni\desktop\guardians of the earth\guardians of the earth\menu.cpp(699): warning C4244: 'argument': conversion from 'unsigned int' to 'float', possible loss of data
c:\users\ptyni\desktop\guardians of the earth\guardians of the earth\menu.cpp(706): warning C4244: 'argument': conversion from 'unsigned int' to 'float', possible loss of data
c:\users\ptyni\desktop\guardians of the earth\guardians of the earth\menu.cpp(707): warning C4244: 'argument': conversion from 'unsigned int' to 'float', possible loss of data
c:\users\ptyni\desktop\guardians of the earth\guardians of the earth\menu.cpp(708): warning C4244: 'argument': conversion from 'unsigned int' to 'float', possible loss of data
c:\users\ptyni\desktop\guardians of the earth\guardians of the earth\menu.cpp(776): warning C4244: 'argument': conversion from 'unsigned int' to 'float', possible loss of data
c:\users\ptyni\desktop\guardians of the earth\guardians of the earth\menu.cpp(783): warning C4244: 'argument': conversion from 'unsigned int' to 'float', possible loss of data
c:\users\ptyni\desktop\guardians of the earth\guardians of the earth\menu.cpp(784): warning C4244: 'argument': conversion from 'unsigned int' to 'float', possible loss of data
c:\users\ptyni\desktop\guardians of the earth\guardians of the earth\menu.cpp(785): warning C4244: 'argument': conversion from 'unsigned int' to 'float', possible loss of data
c:\users\ptyni\desktop\guardians of the earth\guardians of the earth\menu.cpp(786): warning C4244: 'argument': conversion from 'unsigned int' to 'float', possible loss of data
c:\users\ptyni\desktop\guardians of the earth\guardians of the earth\menu.cpp(800): warning C4244: 'argument': conversion from 'int' to 'float', possible loss of data
c:\users\ptyni\desktop\guardians of the earth\guardians of the earth\menu.cpp(808): warning C4244: 'argument': conversion from 'int' to 'float', possible loss of data
c:\users\ptyni\desktop\guardians of the earth\guardians of the earth\menu.cpp(864): warning C4244: 'argument': conversion from 'int' to 'float', possible loss of data
c:\users\ptyni\desktop\guardians of the earth\guardians of the earth\menu.cpp(869): warning C4244: 'argument': conversion from 'int' to 'float', possible loss of data
c:\users\ptyni\desktop\guardians of the earth\guardians of the earth\menu.cpp(899): warning C4244: 'argument': conversion from 'unsigned int' to 'float', possible loss of data
c:\users\ptyni\desktop\guardians of the earth\guardians of the earth\menu.cpp(921): warning C4244: 'argument': conversion from 'unsigned int' to 'float', possible loss of data
c:\users\ptyni\desktop\guardians of the earth\guardians of the earth\menu.cpp(926): warning C4244: 'argument': conversion from 'unsigned int' to 'float', possible loss of data
c:\users\ptyni\desktop\guardians of the earth\guardians of the earth\menu.cpp(927): warning C4244: 'argument': conversion from 'unsigned int' to 'float', possible loss of data
c:\users\ptyni\desktop\guardians of the earth\guardians of the earth\menu.cpp(928): warning C4244: 'argument': conversion from 'unsigned int' to 'float', possible loss of data
c:\users\ptyni\desktop\guardians of the earth\guardians of the earth\menu.cpp(929): warning C4244: 'argument': conversion from 'unsigned int' to 'float', possible loss of data
c:\users\ptyni\desktop\guardians of the earth\guardians of the earth\menu.cpp(943): warning C4018: '<': signed/unsigned mismatch
c:\users\ptyni\desktop\guardians of the earth\guardians of the earth\menu.cpp(945): warning C4018: '>': signed/unsigned mismatch
c:\users\ptyni\desktop\guardians of the earth\guardians of the earth\menu.cpp(986): warning C4018: '<': signed/unsigned mismatch
c:\users\ptyni\desktop\guardians of the earth\guardians of the earth\menu.cpp(997): warning C4018: '<': signed/unsigned mismatch
c:\users\ptyni\desktop\guardians of the earth\guardians of the earth\menu.cpp(1014): warning C4018: '>=': signed/unsigned mismatch
c:\users\ptyni\desktop\guardians of the earth\guardians of the earth\menu.cpp(1020): warning C4018: '<': signed/unsigned mismatch
c:\users\ptyni\desktop\guardians of the earth\guardians of the earth\menu.cpp(1038): warning C4244: 'argument': conversion from 'unsigned int' to 'float', possible loss of data
c:\users\ptyni\desktop\guardians of the earth\guardians of the earth\menu.cpp(1043): warning C4018: '<': signed/unsigned mismatch
c:\users\ptyni\desktop\guardians of the earth\guardians of the earth\menu.cpp(1259): warning C4018: '<': signed/unsigned mismatch
c:\users\ptyni\desktop\guardians of the earth\guardians of the earth\menu.cpp(1263): warning C4244: '=': conversion from 'unsigned int' to 'float', possible loss of data
c:\users\ptyni\desktop\guardians of the earth\guardians of the earth\menu.cpp(1291): warning C4244: 'argument': conversion from 'unsigned int' to 'float', possible loss of data
c:\users\ptyni\desktop\guardians of the earth\guardians of the earth\menu.cpp(1295): warning C4244: 'argument': conversion from 'int' to 'float', possible loss of data
c:\users\ptyni\desktop\guardians of the earth\guardians of the earth\menu.cpp(1296): warning C4244: 'argument': conversion from 'unsigned int' to 'float', possible loss of data
c:\users\ptyni\desktop\guardians of the earth\guardians of the earth\menu.cpp(1300): warning C4244: 'argument': conversion from 'unsigned int' to 'float', possible loss of data
c:\users\ptyni\desktop\guardians of the earth\guardians of the earth\menu.cpp(1301): warning C4244: 'argument': conversion from 'unsigned int' to 'float', possible loss of data
c:\users\ptyni\desktop\guardians of the earth\guardians of the earth\menu.cpp(1302): warning C4244: 'argument': conversion from 'unsigned int' to 'float', possible loss of data
  Guardians of the Earth.vcxproj -> C:\Users\ptyni\Desktop\Guardians of the Earth\Debug\Guardians of the Earth.exe
  Guardians of the Earth.vcxproj -> C:\Users\ptyni\Desktop\Guardians of the Earth\Debug\Guardians of the Earth.pdb (Partial PDB)
