c:\users\radosław\desktop\guardians of the earth\guardians of the earth\debug\vc140.pdb
c:\users\radosław\desktop\guardians of the earth\guardians of the earth\debug\vc140.idb
c:\users\radosław\desktop\guardians of the earth\guardians of the earth\debug\block.nativecodeanalysis.xml
c:\users\radosław\desktop\guardians of the earth\guardians of the earth\debug\coin.nativecodeanalysis.xml
c:\users\radosław\desktop\guardians of the earth\guardians of the earth\debug\graphics.nativecodeanalysis.xml
c:\users\radosław\desktop\guardians of the earth\guardians of the earth\debug\ground.nativecodeanalysis.xml
c:\users\radosław\desktop\guardians of the earth\guardians of the earth\debug\main.nativecodeanalysis.xml
c:\users\radosław\desktop\guardians of the earth\guardians of the earth\debug\map.nativecodeanalysis.xml
c:\users\radosław\desktop\guardians of the earth\guardians of the earth\debug\sector.nativecodeanalysis.xml
c:\users\radosław\desktop\guardians of the earth\guardians of the earth\debug\sector.obj
c:\users\radosław\desktop\guardians of the earth\guardians of the earth\debug\map.obj
c:\users\radosław\desktop\guardians of the earth\guardians of the earth\debug\main.obj
c:\users\radosław\desktop\guardians of the earth\guardians of the earth\debug\ground.obj
c:\users\radosław\desktop\guardians of the earth\guardians of the earth\debug\graphics.obj
c:\users\radosław\desktop\guardians of the earth\guardians of the earth\debug\coin.obj
c:\users\radosław\desktop\guardians of the earth\guardians of the earth\debug\block.obj
c:\users\radosław\desktop\guardians of the earth\debug\guardians of the earth.ilk
c:\users\radosław\desktop\guardians of the earth\debug\guardians of the earth.exe
c:\users\radosław\desktop\guardians of the earth\debug\guardians of the earth.pdb
c:\users\radosław\desktop\guardians of the earth\guardians of the earth\debug\nativecodeanalysis.read.1.tlog
c:\users\radosław\desktop\guardians of the earth\guardians of the earth\debug\vc.nativecodeanalysis.all.xml
c:\users\radosław\desktop\guardians of the earth\debug\guardians of the earth.exe.lastcodeanalysissucceeded
c:\users\radosław\desktop\guardians of the earth\guardians of the earth\debug\guardian.73f51859.tlog\cl.command.1.tlog
c:\users\radosław\desktop\guardians of the earth\guardians of the earth\debug\guardian.73f51859.tlog\cl.read.1.tlog
c:\users\radosław\desktop\guardians of the earth\guardians of the earth\debug\guardian.73f51859.tlog\cl.write.1.tlog
c:\users\radosław\desktop\guardians of the earth\guardians of the earth\debug\guardian.73f51859.tlog\link.command.1.tlog
c:\users\radosław\desktop\guardians of the earth\guardians of the earth\debug\guardian.73f51859.tlog\link.read.1.tlog
c:\users\radosław\desktop\guardians of the earth\guardians of the earth\debug\guardian.73f51859.tlog\link.write.1.tlog
